<?xml version="1.0" encoding="UTF-8"?>
<testng-results skipped="0" failed="1" ignored="0" total="1" passed="0">
  <reporter-output>
    <line>
      <![CDATA[Extent Report Directory/Users/mrahman/develop/pnt/WebAutomationJuly2019/test-output/html]]>
    </line>
  </reporter-output>
  <suite name="Pnt Automation Script " duration-ms="19130" started-at="2019-09-29T11:22:07 EDT" finished-at="2019-09-29T11:22:26 EDT">
    <groups>
    </groups>
    <test name="Pnt Forum" duration-ms="19130" started-at="2019-09-29T11:22:07 EDT" finished-at="2019-09-29T11:22:26 EDT">
      <class name="authentication.TestKeyword">
        <test-method status="PASS" signature="extentSetup(org.testng.ITestContext)[pri:0, instance:authentication.TestKeyword@76908cc0]" name="extentSetup" is-config="true" duration-ms="224" started-at="2019-09-29T11:22:07 EDT" finished-at="2019-09-29T11:22:07 EDT">
          <params>
            <param index="0">
              <value>
                <![CDATA[org.testng.TestRunner@35c09b94]]>
              </value>
            </param>
          </params>
          <reporter-output>
            <line>
              <![CDATA[Extent Report Directory/Users/mrahman/develop/pnt/WebAutomationJuly2019/test-output/html]]>
            </line>
          </reporter-output>
        </test-method> <!-- extentSetup -->
        <test-method status="PASS" signature="setUp(boolean, java.lang.String, java.lang.String, java.lang.String, java.lang.String, java.lang.String, java.lang.String)[pri:0, instance:authentication.TestKeyword@76908cc0]" name="setUp" is-config="true" duration-ms="6362" started-at="2019-09-29T11:22:07 EDT" finished-at="2019-09-29T11:22:14 EDT">
          <params>
            <param index="0">
              <value>
                <![CDATA[false]]>
              </value>
            </param>
            <param index="1">
              <value>
                <![CDATA[browserstack]]>
              </value>
            </param>
            <param index="2">
              <value>
                <![CDATA[OS X]]>
              </value>
            </param>
            <param index="3">
              <value>
                <![CDATA[Sierra]]>
              </value>
            </param>
            <param index="4">
              <value>
                <![CDATA[firefox]]>
              </value>
            </param>
            <param index="5">
              <value>
                <![CDATA[60.0]]>
              </value>
            </param>
            <param index="6">
              <value>
                <![CDATA[https://www.piit.us]]>
              </value>
            </param>
          </params>
          <reporter-output>
          </reporter-output>
        </test-method> <!-- setUp -->
        <test-method status="PASS" signature="startExtent(java.lang.reflect.Method)[pri:0, instance:authentication.TestKeyword@76908cc0]" name="startExtent" is-config="true" duration-ms="20" started-at="2019-09-29T11:22:14 EDT" finished-at="2019-09-29T11:22:14 EDT">
          <params>
            <param index="0">
              <value>
                <![CDATA[public void authentication.TestKeyword.testKeyWord() throws java.lang.InterruptedException,java.io.IOException]]>
              </value>
            </param>
          </params>
          <reporter-output>
          </reporter-output>
        </test-method> <!-- startExtent -->
        <test-method status="FAIL" signature="testKeyWord()[pri:0, instance:authentication.TestKeyword@76908cc0]" name="testKeyWord" duration-ms="7997" started-at="2019-09-29T11:22:14 EDT" finished-at="2019-09-29T11:22:22 EDT">
          <exception class="java.io.FileNotFoundException">
            <message>
              <![CDATA[/Users/mrahman/develop/pnt/WebAutomationJuly2019/data/file2.xls (No such file or directory)]]>
            </message>
            <full-stacktrace>
              <![CDATA[java.io.FileNotFoundException: /Users/mrahman/develop/pnt/WebAutomationJuly2019/data/file2.xls (No such file or directory)
at java.io.FileInputStream.open0(Native Method)
at java.io.FileInputStream.open(FileInputStream.java:195)
at java.io.FileInputStream.<init>(FileInputStream.java:138)
at utility.DataReader.fileReader2(DataReader.java:46)
at keyword.ItemsToBeSearched.getDataFromExcelFileForFeaturesChoice(ItemsToBeSearched.java:18)
at keyword.Features.selectFeatures(Features.java:55)
at authentication.TestKeyword.testKeyWord(TestKeyword.java:15)
at sun.reflect.NativeMethodAccessorImpl.invoke0(Native Method)
at sun.reflect.NativeMethodAccessorImpl.invoke(NativeMethodAccessorImpl.java:62)
at sun.reflect.DelegatingMethodAccessorImpl.invoke(DelegatingMethodAccessorImpl.java:43)
at java.lang.reflect.Method.invoke(Method.java:497)
at org.testng.internal.MethodInvocationHelper.invokeMethod(MethodInvocationHelper.java:133)
at org.testng.internal.TestInvoker.invokeMethod(TestInvoker.java:584)
at org.testng.internal.TestInvoker.invokeTestMethod(TestInvoker.java:172)
at org.testng.internal.MethodRunner.runInSequence(MethodRunner.java:46)
at org.testng.internal.TestInvoker$MethodInvocationAgent.invoke(TestInvoker.java:804)
at org.testng.internal.TestInvoker.invokeTestMethods(TestInvoker.java:145)
at org.testng.internal.TestMethodWorker.invokeTestMethods(TestMethodWorker.java:146)
at org.testng.internal.TestMethodWorker.run(TestMethodWorker.java:128)
at org.testng.TestRunner$$Lambda$48/1944702768.accept(Unknown Source)
at java.util.ArrayList.forEach(ArrayList.java:1249)
at org.testng.TestRunner.privateRun(TestRunner.java:770)
at org.testng.TestRunner.run(TestRunner.java:591)
at org.testng.SuiteRunner.runTest(SuiteRunner.java:402)
at org.testng.SuiteRunner.runSequentially(SuiteRunner.java:396)
at org.testng.SuiteRunner.privateRun(SuiteRunner.java:355)
at org.testng.SuiteRunner.run(SuiteRunner.java:304)
at org.testng.SuiteRunnerWorker.runSuite(SuiteRunnerWorker.java:53)
at org.testng.SuiteRunnerWorker.run(SuiteRunnerWorker.java:96)
at org.testng.TestNG.runSuitesSequentially(TestNG.java:1180)
at org.testng.TestNG.runSuitesLocally(TestNG.java:1102)
at org.testng.TestNG.runSuites(TestNG.java:1032)
at org.testng.TestNG.run(TestNG.java:1000)
at org.testng.IDEARemoteTestNG.run(IDEARemoteTestNG.java:72)
at org.testng.RemoteTestNGStarter.main(RemoteTestNGStarter.java:123)
]]>
            </full-stacktrace>
          </exception> <!-- java.io.FileNotFoundException -->
          <reporter-output>
          </reporter-output>
        </test-method> <!-- testKeyWord -->
        <test-method status="PASS" signature="afterEachTestMethod(org.testng.ITestResult)[pri:0, instance:authentication.TestKeyword@76908cc0]" name="afterEachTestMethod" is-config="true" duration-ms="4692" started-at="2019-09-29T11:22:22 EDT" finished-at="2019-09-29T11:22:26 EDT">
          <params>
            <param index="0">
              <value>
                <![CDATA[[TestResult name=testKeyWord status=FAILURE method=TestKeyword.testKeyWord()[pri:0, instance:authentication.TestKeyword@76908cc0] output={null}]]]>
              </value>
            </param>
          </params>
          <reporter-output>
          </reporter-output>
        </test-method> <!-- afterEachTestMethod -->
        <test-method status="PASS" signature="cleanUp()[pri:0, instance:authentication.TestKeyword@76908cc0]" name="cleanUp" is-config="true" duration-ms="0" started-at="2019-09-29T11:22:26 EDT" finished-at="2019-09-29T11:22:26 EDT">
          <reporter-output>
          </reporter-output>
        </test-method> <!-- cleanUp -->
        <test-method status="PASS" signature="generateReport()[pri:0, instance:authentication.TestKeyword@76908cc0]" name="generateReport" is-config="true" duration-ms="35" started-at="2019-09-29T11:22:26 EDT" finished-at="2019-09-29T11:22:26 EDT">
          <reporter-output>
          </reporter-output>
        </test-method> <!-- generateReport -->
      </class> <!-- authentication.TestKeyword -->
    </test> <!-- Pnt Forum -->
  </suite> <!-- Pnt Automation Script  -->
</testng-results>
